# JRE version: OpenJDK Runtime Environment Temurin-21.0.8+9 (21.0.8+9) (build 21.0.8+9-LTS)
# Java VM: OpenJDK 64-Bit Server VM Temurin-21.0.8+9 (21.0.8+9-LTS, mixed mode, sharing, tiered, compressed oops, compressed class ptrs, parallel gc, windows-amd64)
GC Precious Log:
 CardTable entry size: 512
 CPUs: 12 total, 12 available
 Memory: 7860M
 Large Page Support: Disabled
 NUMA Support: Disabled
 Compressed Oops: Enabled (32-bit)
 Alignments: Space 512K, Generation 512K, Heap 2M
 Heap Min Capacity: 100M
 Heap Initial Capacity: 100M
 Heap Max Capacity: 2G
 Pre-touch: Disabled
 Parallel Workers: 10
Heap:
 PSYoungGen      total 8192K, used 8164K [0x00000000d5580000, 0x00000000d6100000, 0x0000000100000000)
  eden space 7168K, 100% used [0x00000000d5580000,0x00000000d5c80000,0x00000000d5c80000)
  from space 1024K, 97% used [0x00000000d5e80000,0x00000000d5f79210,0x00000000d5f80000)
  to   space 2048K, 51% used [0x00000000d5c80000,0x00000000d5d86900,0x00000000d5e80000)
 ParOldGen       total 611840K, used 611363K [0x0000000080000000, 0x00000000a5580000, 0x00000000d5580000)
  object space 611840K, 99% used [0x0000000080000000,0x00000000a5508f20,0x00000000a5580000)
 Metaspace       used 106850K, committed 108672K, reserved 1179648K
  class space    used 10617K, committed 11456K, reserved 1048576K
GC Heap History (20 events):
Event: 7958.968 GC heap after
{Heap after GC invocations=23464 (full 18):
 PSYoungGen      total 7680K, used 500K [0x00000000d5580000, 0x00000000d6080000, 0x0000000100000000)
  eden space 7168K, 0% used [0x00000000d5580000,0x00000000d5580000,0x00000000d5c80000)
  from space 512K, 97% used [0x00000000d5f80000,0x00000000d5ffd200,0x00000000d6000000)
  to   space 512K, 0% used [0x00000000d6000000,0x00000000d6000000,0x00000000d6080000)
 ParOldGen       total 604672K, used 604589K [0x0000000080000000, 0x00000000a4e80000, 0x00000000d5580000)
  object space 604672K, 99% used [0x0000000080000000,0x00000000a4e6b508,0x00000000a4e80000)
 Metaspace       used 106850K, committed 108672K, reserved 1179648K
  class space    used 10617K, committed 11456K, reserved 1048576K
}
Event: 7958.974 GC heap before
{Heap before GC invocations=23465 (full 18):
 PSYoungGen      total 7680K, used 7668K [0x00000000d5580000, 0x00000000d6080000, 0x0000000100000000)
  eden space 7168K, 100% used [0x00000000d5580000,0x00000000d5c80000,0x00000000d5c80000)
  from space 512K, 97% used [0x00000000d5f80000,0x00000000d5ffd200,0x00000000d6000000)
  to   space 512K, 0% used [0x00000000d6000000,0x00000000d6000000,0x00000000d6080000)
 ParOldGen       total 604672K, used 604589K [0x0000000080000000, 0x00000000a4e80000, 0x00000000d5580000)
  object space 604672K, 99% used [0x0000000080000000,0x00000000a4e6b508,0x00000000a4e80000)
 Metaspace       used 106850K, committed 108672K, reserved 1179648K
  class space    used 10617K, committed 11456K, reserved 1048576K
}
Event: 7958.975 GC heap after
{Heap after GC invocations=23465 (full 18):
 PSYoungGen      total 7680K, used 500K [0x00000000d5580000, 0x00000000d6080000, 0x0000000100000000)
  eden space 7168K, 0% used [0x00000000d5580000,0x00000000d5580000,0x00000000d5c80000)
  from space 512K, 97% used [0x00000000d6000000,0x00000000d607d200,0x00000000d6080000)
  to   space 1536K, 0% used [0x00000000d5d80000,0x00000000d5d80000,0x00000000d5f00000)
 ParOldGen       total 605696K, used 605417K [0x0000000080000000, 0x00000000a4f80000, 0x00000000d5580000)
  object space 605696K, 99% used [0x0000000080000000,0x00000000a4f3a768,0x00000000a4f80000)
 Metaspace       used 106850K, committed 108672K, reserved 1179648K
  class space    used 10617K, committed 11456K, reserved 1048576K
}
Event: 7958.980 GC heap before
{Heap before GC invocations=23466 (full 18):
 PSYoungGen      total 7680K, used 7668K [0x00000000d5580000, 0x00000000d6080000, 0x0000000100000000)
  eden space 7168K, 100% used [0x00000000d5580000,0x00000000d5c80000,0x00000000d5c80000)
  from space 512K, 97% used [0x00000000d6000000,0x00000000d607d200,0x00000000d6080000)
  to   space 1536K, 0% used [0x00000000d5d80000,0x00000000d5d80000,0x00000000d5f00000)
 ParOldGen       total 605696K, used 605417K [0x0000000080000000, 0x00000000a4f80000, 0x00000000d5580000)
  object space 605696K, 99% used [0x0000000080000000,0x00000000a4f3a768,0x00000000a4f80000)
 Metaspace       used 106850K, committed 108672K, reserved 1179648K
  class space    used 10617K, committed 11456K, reserved 1048576K
}
Event: 7958.981 GC heap after
{Heap after GC invocations=23466 (full 18):
 PSYoungGen      total 8704K, used 704K [0x00000000d5580000, 0x00000000d6080000, 0x0000000100000000)
  eden space 7168K, 0% used [0x00000000d5580000,0x00000000d5580000,0x00000000d5c80000)
  from space 1536K, 45% used [0x00000000d5d80000,0x00000000d5e30000,0x00000000d5f00000)
  to   space 1024K, 0% used [0x00000000d5f80000,0x00000000d5f80000,0x00000000d6080000)
 ParOldGen       total 606208K, used 605958K [0x0000000080000000, 0x00000000a5000000, 0x00000000d5580000)
  object space 606208K, 99% used [0x0000000080000000,0x00000000a4fc1968,0x00000000a5000000)
 Metaspace       used 106850K, committed 108672K, reserved 1179648K
  class space    used 10617K, committed 11456K, reserved 1048576K
}
Event: 7959.131 GC heap before
{Heap before GC invocations=23467 (full 18):
 PSYoungGen      total 8704K, used 7872K [0x00000000d5580000, 0x00000000d6080000, 0x0000000100000000)
  eden space 7168K, 100% used [0x00000000d5580000,0x00000000d5c80000,0x00000000d5c80000)
  from space 1536K, 45% used [0x00000000d5d80000,0x00000000d5e30000,0x00000000d5f00000)
  to   space 1024K, 0% used [0x00000000d5f80000,0x00000000d5f80000,0x00000000d6080000)
 ParOldGen       total 606208K, used 605958K [0x0000000080000000, 0x00000000a5000000, 0x00000000d5580000)
  object space 606208K, 99% used [0x0000000080000000,0x00000000a4fc1968,0x00000000a5000000)
 Metaspace       used 106850K, committed 108672K, reserved 1179648K
  class space    used 10617K, committed 11456K, reserved 1048576K
}
Event: 7959.132 GC heap after
{Heap after GC invocations=23467 (full 18):
 PSYoungGen      total 8192K, used 1012K [0x00000000d5580000, 0x00000000d6080000, 0x0000000100000000)
  eden space 7168K, 0% used [0x00000000d5580000,0x00000000d5580000,0x00000000d5c80000)
  from space 1024K, 98% used [0x00000000d5f80000,0x00000000d607d200,0x00000000d6080000)
  to   space 1536K, 0% used [0x00000000d5d80000,0x00000000d5d80000,0x00000000d5f00000)
 ParOldGen       total 606720K, used 606454K [0x0000000080000000, 0x00000000a5080000, 0x00000000d5580000)
  object space 606720K, 99% used [0x0000000080000000,0x00000000a503d9a8,0x00000000a5080000)
 Metaspace       used 106850K, committed 108672K, reserved 1179648K
  class space    used 10617K, committed 11456K, reserved 1048576K
}
Event: 7959.138 GC heap before
{Heap before GC invocations=23468 (full 18):
 PSYoungGen      total 8192K, used 8180K [0x00000000d5580000, 0x00000000d6080000, 0x0000000100000000)
  eden space 7168K, 100% used [0x00000000d5580000,0x00000000d5c80000,0x00000000d5c80000)
  from space 1024K, 98% used [0x00000000d5f80000,0x00000000d607d200,0x00000000d6080000)
  to   space 1536K, 0% used [0x00000000d5d80000,0x00000000d5d80000,0x00000000d5f00000)
 ParOldGen       total 606720K, used 606454K [0x0000000080000000, 0x00000000a5080000, 0x00000000d5580000)
  object space 606720K, 99% used [0x0000000080000000,0x00000000a503d9a8,0x00000000a5080000)
 Metaspace       used 106850K, committed 108672K, reserved 1179648K
  class space    used 10617K, committed 11456K, reserved 1048576K
}
Event: 7959.144 GC heap after
{Heap after GC invocations=23468 (full 18):
 PSYoungGen      total 9728K, used 768K [0x00000000d5580000, 0x00000000d6000000, 0x0000000100000000)
  eden space 8192K, 0% used [0x00000000d5580000,0x00000000d5580000,0x00000000d5d80000)
  from space 1536K, 50% used [0x00000000d5d80000,0x00000000d5e40000,0x00000000d5f00000)
  to   space 1024K, 0% used [0x00000000d5f00000,0x00000000d5f00000,0x00000000d6000000)
 ParOldGen       total 607744K, used 607298K [0x0000000080000000, 0x00000000a5180000, 0x00000000d5580000)
  object space 607744K, 99% used [0x0000000080000000,0x00000000a5110bd8,0x00000000a5180000)
 Metaspace       used 106850K, committed 108672K, reserved 1179648K
  class space    used 10617K, committed 11456K, reserved 1048576K
}
Event: 7959.296 GC heap before
{Heap before GC invocations=23469 (full 18):
 PSYoungGen      total 9728K, used 8960K [0x00000000d5580000, 0x00000000d6000000, 0x0000000100000000)
  eden space 8192K, 100% used [0x00000000d5580000,0x00000000d5d80000,0x00000000d5d80000)
  from space 1536K, 50% used [0x00000000d5d80000,0x00000000d5e40000,0x00000000d5f00000)
  to   space 1024K, 0% used [0x00000000d5f00000,0x00000000d5f00000,0x00000000d6000000)
 ParOldGen       total 607744K, used 607298K [0x0000000080000000, 0x00000000a5180000, 0x00000000d5580000)
  object space 607744K, 99% used [0x0000000080000000,0x00000000a5110bd8,0x00000000a5180000)
 Metaspace       used 106850K, committed 108672K, reserved 1179648K
  class space    used 10617K, committed 11456K, reserved 1048576K
}
Event: 7959.300 GC heap after
{Heap after GC invocations=23469 (full 18):
 PSYoungGen      total 8704K, used 1012K [0x00000000d5580000, 0x00000000d6180000, 0x0000000100000000)
  eden space 7680K, 0% used [0x00000000d5580000,0x00000000d5580000,0x00000000d5d00000)
  from space 1024K, 98% used [0x00000000d5f00000,0x00000000d5ffd200,0x00000000d6000000)
  to   space 2048K, 0% used [0x00000000d5d00000,0x00000000d5d00000,0x00000000d5f00000)
 ParOldGen       total 608256K, used 607891K [0x0000000080000000, 0x00000000a5200000, 0x00000000d5580000)
  object space 608256K, 99% used [0x0000000080000000,0x00000000a51a4c38,0x00000000a5200000)
 Metaspace       used 106850K, committed 108672K, reserved 1179648K
  class space    used 10617K, committed 11456K, reserved 1048576K
}
Event: 7959.306 GC heap before
{Heap before GC invocations=23470 (full 18):
 PSYoungGen      total 8704K, used 8692K [0x00000000d5580000, 0x00000000d6180000, 0x0000000100000000)
  eden space 7680K, 100% used [0x00000000d5580000,0x00000000d5d00000,0x00000000d5d00000)
  from space 1024K, 98% used [0x00000000d5f00000,0x00000000d5ffd200,0x00000000d6000000)
  to   space 2048K, 0% used [0x00000000d5d00000,0x00000000d5d00000,0x00000000d5f00000)
 ParOldGen       total 608256K, used 607891K [0x0000000080000000, 0x00000000a5200000, 0x00000000d5580000)
  object space 608256K, 99% used [0x0000000080000000,0x00000000a51a4c38,0x00000000a5200000)
 Metaspace       used 106850K, committed 108672K, reserved 1179648K
  class space    used 10617K, committed 11456K, reserved 1048576K
}
Event: 7959.308 GC heap after
{Heap after GC invocations=23470 (full 18):
 PSYoungGen      total 9728K, used 1870K [0x00000000d5580000, 0x00000000d6100000, 0x0000000100000000)
  eden space 7680K, 0% used [0x00000000d5580000,0x00000000d5580000,0x00000000d5d00000)
  from space 2048K, 91% used [0x00000000d5d00000,0x00000000d5ed3800,0x00000000d5f00000)
  to   space 2048K, 0% used [0x00000000d5f00000,0x00000000d5f00000,0x00000000d6100000)
 ParOldGen       total 608768K, used 608727K [0x0000000080000000, 0x00000000a5280000, 0x00000000d5580000)
  object space 608768K, 99% used [0x0000000080000000,0x00000000a5275e68,0x00000000a5280000)
 Metaspace       used 106850K, committed 108672K, reserved 1179648K
  class space    used 10617K, committed 11456K, reserved 1048576K
}
Event: 7959.317 GC heap before
{Heap before GC invocations=23471 (full 18):
 PSYoungGen      total 9728K, used 9550K [0x00000000d5580000, 0x00000000d6100000, 0x0000000100000000)
  eden space 7680K, 100% used [0x00000000d5580000,0x00000000d5d00000,0x00000000d5d00000)
  from space 2048K, 91% used [0x00000000d5d00000,0x00000000d5ed3800,0x00000000d5f00000)
  to   space 2048K, 0% used [0x00000000d5f00000,0x00000000d5f00000,0x00000000d6100000)
 ParOldGen       total 608768K, used 608727K [0x0000000080000000, 0x00000000a5280000, 0x00000000d5580000)
  object space 608768K, 99% used [0x0000000080000000,0x00000000a5275e68,0x00000000a5280000)
 Metaspace       used 106850K, committed 108672K, reserved 1179648K
  class space    used 10617K, committed 11456K, reserved 1048576K
}
Event: 7959.319 GC heap after
{Heap after GC invocations=23471 (full 18):
 PSYoungGen      total 8704K, used 629K [0x00000000d5580000, 0x00000000d6000000, 0x0000000100000000)
  eden space 7680K, 0% used [0x00000000d5580000,0x00000000d5580000,0x00000000d5d00000)
  from space 1024K, 61% used [0x00000000d5f00000,0x00000000d5f9d400,0x00000000d6000000)
  to   space 1536K, 0% used [0x00000000d5d00000,0x00000000d5d00000,0x00000000d5e80000)
 ParOldGen       total 609280K, used 609191K [0x0000000080000000, 0x00000000a5300000, 0x00000000d5580000)
  object space 609280K, 99% used [0x0000000080000000,0x00000000a52e9ea8,0x00000000a5300000)
 Metaspace       used 106850K, committed 108672K, reserved 1179648K
  class space    used 10617K, committed 11456K, reserved 1048576K
}
Event: 7959.326 GC heap before
{Heap before GC invocations=23472 (full 18):
 PSYoungGen      total 8704K, used 8309K [0x00000000d5580000, 0x00000000d6000000, 0x0000000100000000)
  eden space 7680K, 100% used [0x00000000d5580000,0x00000000d5d00000,0x00000000d5d00000)
  from space 1024K, 61% used [0x00000000d5f00000,0x00000000d5f9d400,0x00000000d6000000)
  to   space 1536K, 0% used [0x00000000d5d00000,0x00000000d5d00000,0x00000000d5e80000)
 ParOldGen       total 609280K, used 609191K [0x0000000080000000, 0x00000000a5300000, 0x00000000d5580000)
  object space 609280K, 99% used [0x0000000080000000,0x00000000a52e9ea8,0x00000000a5300000)
 Metaspace       used 106850K, committed 108672K, reserved 1179648K
  class space    used 10617K, committed 11456K, reserved 1048576K
}
Event: 7959.327 GC heap after
{Heap after GC invocations=23472 (full 18):
 PSYoungGen      total 9216K, used 842K [0x00000000d5580000, 0x00000000d5f80000, 0x0000000100000000)
  eden space 7680K, 0% used [0x00000000d5580000,0x00000000d5580000,0x00000000d5d00000)
  from space 1536K, 54% used [0x00000000d5d00000,0x00000000d5dd2910,0x00000000d5e80000)
  to   space 1024K, 0% used [0x00000000d5e80000,0x00000000d5e80000,0x00000000d5f80000)
 ParOldGen       total 609792K, used 609690K [0x0000000080000000, 0x00000000a5380000, 0x00000000d5580000)
  object space 609792K, 99% used [0x0000000080000000,0x00000000a5366ab0,0x00000000a5380000)
 Metaspace       used 106850K, committed 108672K, reserved 1179648K
  class space    used 10617K, committed 11456K, reserved 1048576K
}
Event: 7959.542 GC heap before
{Heap before GC invocations=23473 (full 18):
 PSYoungGen      total 9216K, used 8522K [0x00000000d5580000, 0x00000000d5f80000, 0x0000000100000000)
  eden space 7680K, 100% used [0x00000000d5580000,0x00000000d5d00000,0x00000000d5d00000)
  from space 1536K, 54% used [0x00000000d5d00000,0x00000000d5dd2910,0x00000000d5e80000)
  to   space 1024K, 0% used [0x00000000d5e80000,0x00000000d5e80000,0x00000000d5f80000)
 ParOldGen       total 609792K, used 609690K [0x0000000080000000, 0x00000000a5380000, 0x00000000d5580000)
  object space 609792K, 99% used [0x0000000080000000,0x00000000a5366ab0,0x00000000a5380000)
 Metaspace       used 106850K, committed 108672K, reserved 1179648K
  class space    used 10617K, committed 11456K, reserved 1048576K
}
Event: 7959.543 GC heap after
{Heap after GC invocations=23473 (full 18):
 PSYoungGen      total 8192K, used 996K [0x00000000d5580000, 0x00000000d6100000, 0x0000000100000000)
  eden space 7168K, 0% used [0x00000000d5580000,0x00000000d5580000,0x00000000d5c80000)
  from space 1024K, 97% used [0x00000000d5e80000,0x00000000d5f79210,0x00000000d5f80000)
  to   space 2048K, 0% used [0x00000000d5c80000,0x00000000d5c80000,0x00000000d5e80000)
 ParOldGen       total 610816K, used 610415K [0x0000000080000000, 0x00000000a5480000, 0x00000000d5580000)
  object space 610816K, 99% used [0x0000000080000000,0x00000000a541bce0,0x00000000a5480000)
 Metaspace       used 106850K, committed 108672K, reserved 1179648K
  class space    used 10617K, committed 11456K, reserved 1048576K
}
Event: 7959.705 GC heap before
{Heap before GC invocations=23474 (full 18):
 PSYoungGen      total 8192K, used 8164K [0x00000000d5580000, 0x00000000d6100000, 0x0000000100000000)
  eden space 7168K, 100% used [0x00000000d5580000,0x00000000d5c80000,0x00000000d5c80000)
  from space 1024K, 97% used [0x00000000d5e80000,0x00000000d5f79210,0x00000000d5f80000)
  to   space 2048K, 0% used [0x00000000d5c80000,0x00000000d5c80000,0x00000000d5e80000)
 ParOldGen       total 610816K, used 610415K [0x0000000080000000, 0x00000000a5480000, 0x00000000d5580000)
  object space 610816K, 99% used [0x0000000080000000,0x00000000a541bce0,0x00000000a5480000)
 Metaspace       used 106850K, committed 108672K, reserved 1179648K
  class space    used 10617K, committed 11456K, reserved 1048576K
}

